<?xml version="1.0" encoding="UTF-8"?>
<testsuite name="hello.hello_spring.repository.MemoryMemberRepositoryTest" tests="3" skipped="0" failures="0" errors="0" timestamp="2025-11-20T09:23:53.822Z" hostname="codespaces-9090d9" time="0.007">
  <properties/>
  <testcase name="findAll()" classname="hello.hello_spring.repository.MemoryMemberRepositoryTest" time="0.004"/>
  <testcase name="findById()" classname="hello.hello_spring.repository.MemoryMemberRepositoryTest" time="0.002"/>
  <testcase name="save()" classname="hello.hello_spring.repository.MemoryMemberRepositoryTest" time="0.001"/>
  <system-out><![CDATA[]]></system-out>
  <system-err><![CDATA[]]></system-err>
</testsuite>
