<?xml version="1.0" encoding="UTF-8"?>
<testsuite name="hello.hello_spring.HelloSpringApplicationTests" tests="1" skipped="0" failures="0" errors="0" timestamp="2025-11-18T10:43:46.553Z" hostname="codespaces-9090d9" time="0.949">
  <properties/>
  <testcase name="contextLoads()" classname="hello.hello_spring.HelloSpringApplicationTests" time="0.949"/>
  <system-out><![CDATA[10:43:44.660 [Test worker] INFO org.springframework.test.context.support.AnnotationConfigContextLoaderUtils -- Could not detect default configuration classes for test class [hello.hello_spring.HelloSpringApplicationTests]: HelloSpringApplicationTests does not declare any static, non-private, non-final, nested classes annotated with @Configuration.
10:43:44.753 [Test worker] INFO org.springframework.boot.test.context.SpringBootTestContextBootstrapper -- Found @SpringBootConfiguration hello.hello_spring.HelloSpringApplication for test class hello.hello_spring.HelloSpringApplicationTests

  .   ____          _            __ _ _
 /\\ / ___'_ __ _ _(_)_ __  __ _ \ \ \ \
( ( )\___ | '_ | '_| | '_ \/ _` | \ \ \ \
 \\/  ___)| |_)| | | | | || (_| |  ) ) ) )
  '  |____| .__|_| |_|_| |_\__, | / / / /
 =========|_|==============|___/=/_/_/_/

 :: Spring Boot ::               (v3.4.11)

2025-11-18T10:43:45.306Z  INFO 8999 --- [hello-spring] [    Test worker] h.h.HelloSpringApplicationTests          : Starting HelloSpringApplicationTests using Java 17.0.9 with PID 8999 (started by codespace in /workspaces/test1/hello-spring)
2025-11-18T10:43:45.308Z  INFO 8999 --- [hello-spring] [    Test worker] h.h.HelloSpringApplicationTests          : No active profile set, falling back to 1 default profile: "default"
2025-11-18T10:43:46.289Z  INFO 8999 --- [hello-spring] [    Test worker] o.s.b.a.w.s.WelcomePageHandlerMapping    : Adding welcome page: class path resource [static/index.html]
2025-11-18T10:43:46.540Z  INFO 8999 --- [hello-spring] [    Test worker] h.h.HelloSpringApplicationTests          : Started HelloSpringApplicationTests in 1.679 seconds (process running for 2.655)
]]></system-out>
  <system-err><![CDATA[]]></system-err>
</testsuite>
